# JRE version: OpenJDK Runtime Environment (11.0.9.1+1) (build 11.0.9.1+1-Ubuntu-0ubuntu1.20.04)
# Java VM: OpenJDK 64-Bit Server VM (11.0.9.1+1-Ubuntu-0ubuntu1.20.04, mixed mode, sharing, tiered, compressed oops, g1 gc, linux-amd64)
Heap:
 garbage-first heap   total 260096K, used 104001K [0x0000000705a00000, 0x0000000800000000)
  region size 1024K, 98 young (100352K), 12 survivors (12288K)
 Metaspace       used 24667K, capacity 25387K, committed 25600K, reserved 1071104K
  class space    used 2706K, capacity 2953K, committed 3072K, reserved 1048576K
GC Heap History (6 events):
Event: 0.397 GC heap before
{Heap before GC invocations=0 (full 0):
 garbage-first heap   total 260096K, used 24264K [0x0000000705a00000, 0x0000000800000000)
  region size 1024K, 24 young (24576K), 0 survivors (0K)
 Metaspace       used 5970K, capacity 7836K, committed 8064K, reserved 1056768K
  class space    used 695K, capacity 871K, committed 896K, reserved 1048576K
}
Event: 0.404 GC heap after
{Heap after GC invocations=1 (full 0):
 garbage-first heap   total 260096K, used 4023K [0x0000000705a00000, 0x0000000800000000)
  region size 1024K, 3 young (3072K), 3 survivors (3072K)
 Metaspace       used 5970K, capacity 7836K, committed 8064K, reserved 1056768K
  class space    used 695K, capacity 871K, committed 896K, reserved 1048576K
}
Event: 1.877 GC heap before
{Heap before GC invocations=1 (full 0):
 garbage-first heap   total 260096K, used 155575K [0x0000000705a00000, 0x0000000800000000)
  region size 1024K, 151 young (154624K), 3 survivors (3072K)
 Metaspace       used 15898K, capacity 16603K, committed 16768K, reserved 1064960K
  class space    used 1717K, capacity 1915K, committed 1920K, reserved 1048576K
}
Event: 1.887 GC heap after
{Heap after GC invocations=2 (full 0):
 garbage-first heap   total 260096K, used 13299K [0x0000000705a00000, 0x0000000800000000)
  region size 1024K, 13 young (13312K), 13 survivors (13312K)
 Metaspace       used 15898K, capacity 16603K, committed 16768K, reserved 1064960K
  class space    used 1717K, capacity 1915K, committed 1920K, reserved 1048576K
}
Event: 2.277 GC heap before
{Heap before GC invocations=2 (full 0):
 garbage-first heap   total 260096K, used 87027K [0x0000000705a00000, 0x0000000800000000)
  region size 1024K, 86 young (88064K), 13 survivors (13312K)
 Metaspace       used 20383K, capacity 20958K, committed 21248K, reserved 1069056K
  class space    used 2265K, capacity 2452K, committed 2560K, reserved 1048576K
}
Event: 2.300 GC heap after
{Heap after GC invocations=3 (full 0):
 garbage-first heap   total 260096K, used 15937K [0x0000000705a00000, 0x0000000800000000)
  region size 1024K, 12 young (12288K), 12 survivors (12288K)
 Metaspace       used 20383K, capacity 20958K, committed 21248K, reserved 1069056K
  class space    used 2265K, capacity 2452K, committed 2560K, reserved 1048576K
}

